<?xml version="1.0" encoding="UTF-8"?>
<robot generator="Robot 3.2.2 (Python 3.10.1 on win32)" generated="20211214 21:27:36.930" rpa="false">
<suite id="s1" name="Desafio" source="C:\Users\Repositorio\desafio">
<suite id="s1-s1" name="Script BDD" source="C:\Users\Repositorio\desafio\Script_BDD.robot">
<test id="s1-s1-t1" name="Cenário: Buscar por Robot Framework no Google e entrar no terceiro resultado">
<kw name="Abra o navegador" library="resource" type="setup">
<kw name="Open Browser" library="SeleniumLibrary">
<doc>Opens a new browser instance to the optional ``url``.</doc>
<arguments>
<arg>about:blank</arg>
<arg>${BROWSER}</arg>
</arguments>
<msg timestamp="20211214 21:27:37.723" level="INFO">Opening browser 'Chrome' to base url 'about:blank'.</msg>
<status status="PASS" starttime="20211214 21:27:37.722" endtime="20211214 21:27:42.245"></status>
</kw>
<status status="PASS" starttime="20211214 21:27:37.722" endtime="20211214 21:27:42.245"></status>
</kw>
<kw name="Dado que eu acesse o google.com.br">
<kw name="Acesse o google.com.br" library="resource">
<kw name="Go To" library="SeleniumLibrary">
<doc>Navigates the current browser window to the provided ``url``.</doc>
<arguments>
<arg>http://www.google.com.br</arg>
</arguments>
<msg timestamp="20211214 21:27:42.248" level="INFO">Opening url 'http://www.google.com.br'</msg>
<status status="PASS" starttime="20211214 21:27:42.248" endtime="20211214 21:27:44.145"></status>
</kw>
<status status="PASS" starttime="20211214 21:27:42.247" endtime="20211214 21:27:44.145"></status>
</kw>
<status status="PASS" starttime="20211214 21:27:42.246" endtime="20211214 21:27:44.146"></status>
</kw>
<kw name="Quando realize uma busca pelas palavras-chave “robot framework”">
<kw name="Realize uma busca pelas palavras-chave “${palavra buscada}”" library="resource">
<kw name="Input Text" library="SeleniumLibrary">
<doc>Types the given ``text`` into the text field identified by ``locator``.</doc>
<arguments>
<arg>name=q</arg>
<arg>${palavra buscada}</arg>
</arguments>
<msg timestamp="20211214 21:27:44.151" level="INFO">Typing text 'robot framework' into text field 'name=q'.</msg>
<status status="PASS" starttime="20211214 21:27:44.151" endtime="20211214 21:27:44.434"></status>
</kw>
<kw name="Press Keys" library="SeleniumLibrary">
<doc>Simulates the user pressing key(s) to an element or on the active browser.</doc>
<arguments>
<arg>name=q</arg>
<arg>ENTER</arg>
</arguments>
<msg timestamp="20211214 21:27:44.435" level="INFO">Sending key(s) ('ENTER',) to name=q element.</msg>
<msg timestamp="20211214 21:27:44.768" level="INFO">Pressing special key ENTER to element.</msg>
<msg timestamp="20211214 21:27:44.768" level="INFO">Releasing special key ENTER.</msg>
<status status="PASS" starttime="20211214 21:27:44.434" endtime="20211214 21:27:47.274"></status>
</kw>
<status status="PASS" starttime="20211214 21:27:44.150" endtime="20211214 21:27:47.274"></status>
</kw>
<kw name="Cheque se a busca retornou resultados" library="resource">
<kw name="Title Should Be" library="SeleniumLibrary">
<doc>Verifies that the current page title equals ``title``.</doc>
<arguments>
<arg>robot framework - Pesquisa Google</arg>
</arguments>
<msg timestamp="20211214 21:27:47.284" level="INFO">Page title is 'robot framework - Pesquisa Google'.</msg>
<status status="PASS" starttime="20211214 21:27:47.275" endtime="20211214 21:27:47.284"></status>
</kw>
<status status="PASS" starttime="20211214 21:27:47.274" endtime="20211214 21:27:47.284"></status>
</kw>
<status status="PASS" starttime="20211214 21:27:44.148" endtime="20211214 21:27:47.285"></status>
</kw>
<kw name="Então Acesse o terceiro resultado">
<kw name="Acesse o terceiro resultado" library="resource">
<kw name="Click Element" library="SeleniumLibrary">
<doc>Click the element identified by ``locator``.</doc>
<arguments>
<arg>//*[@id="rso"]/div[3]</arg>
</arguments>
<msg timestamp="20211214 21:27:47.287" level="INFO">Clicking element '//*[@id="rso"]/div[3]'.</msg>
<status status="PASS" starttime="20211214 21:27:47.287" endtime="20211214 21:27:47.446"></status>
</kw>
<kw name="Click Element" library="SeleniumLibrary">
<doc>Click the element identified by ``locator``.</doc>
<arguments>
<arg>XPath=( //h3[@class="LC20lb MBeuO DKV0Md"])[3]</arg>
</arguments>
<msg timestamp="20211214 21:27:47.446" level="INFO">Clicking element 'XPath=( //h3[@class="LC20lb MBeuO DKV0Md"])[3]'.</msg>
<status status="PASS" starttime="20211214 21:27:47.446" endtime="20211214 21:27:55.454"></status>
</kw>
<status status="PASS" starttime="20211214 21:27:47.286" endtime="20211214 21:27:55.454"></status>
</kw>
<kw name="Verifique se é mostrada a página esperada" library="resource">
<kw name="Page Should Contain" library="SeleniumLibrary">
<doc>Verifies that current page contains ``text``.</doc>
<arguments>
<arg>Robot</arg>
</arguments>
<msg timestamp="20211214 21:27:55.493" level="INFO">Current page contains text 'Robot'.</msg>
<status status="PASS" starttime="20211214 21:27:55.457" endtime="20211214 21:27:55.493"></status>
</kw>
<status status="PASS" starttime="20211214 21:27:55.455" endtime="20211214 21:27:55.493"></status>
</kw>
<status status="PASS" starttime="20211214 21:27:47.285" endtime="20211214 21:27:55.493"></status>
</kw>
<kw name="Feche o navegador" library="resource" type="teardown">
<kw name="Close Browser" library="SeleniumLibrary">
<doc>Closes the current browser.</doc>
<status status="PASS" starttime="20211214 21:27:55.496" endtime="20211214 21:27:58.086"></status>
</kw>
<status status="PASS" starttime="20211214 21:27:55.495" endtime="20211214 21:27:58.086"></status>
</kw>
<status status="PASS" starttime="20211214 21:27:37.720" endtime="20211214 21:27:58.088" critical="yes"></status>
</test>
<status status="PASS" starttime="20211214 21:27:37.009" endtime="20211214 21:27:58.091"></status>
</suite>
<suite id="s1-s2" name="Script Procedural" source="C:\Users\Repositorio\desafio\Script_Procedural.robot">
<test id="s1-s2-t1" name="Caso de teste: Buscar por Robot Framework no Google e entrar no terceiro resultado">
<kw name="Abra o navegador" library="resource">
<kw name="Open Browser" library="SeleniumLibrary">
<doc>Opens a new browser instance to the optional ``url``.</doc>
<arguments>
<arg>about:blank</arg>
<arg>${BROWSER}</arg>
</arguments>
<msg timestamp="20211214 21:27:58.124" level="INFO">Opening browser 'Chrome' to base url 'about:blank'.</msg>
<status status="PASS" starttime="20211214 21:27:58.123" endtime="20211214 21:28:01.272"></status>
</kw>
<status status="PASS" starttime="20211214 21:27:58.122" endtime="20211214 21:28:01.273"></status>
</kw>
<kw name="Acesse o google.com.br" library="resource">
<kw name="Go To" library="SeleniumLibrary">
<doc>Navigates the current browser window to the provided ``url``.</doc>
<arguments>
<arg>http://www.google.com.br</arg>
</arguments>
<msg timestamp="20211214 21:28:01.283" level="INFO">Opening url 'http://www.google.com.br'</msg>
<status status="PASS" starttime="20211214 21:28:01.282" endtime="20211214 21:28:03.119"></status>
</kw>
<status status="PASS" starttime="20211214 21:28:01.282" endtime="20211214 21:28:03.120"></status>
</kw>
<kw name="Realize uma busca pelas palavras-chave “robot framework”" library="resource">
<kw name="Input Text" library="SeleniumLibrary">
<doc>Types the given ``text`` into the text field identified by ``locator``.</doc>
<arguments>
<arg>name=q</arg>
<arg>${palavra buscada}</arg>
</arguments>
<msg timestamp="20211214 21:28:03.122" level="INFO">Typing text 'robot framework' into text field 'name=q'.</msg>
<status status="PASS" starttime="20211214 21:28:03.122" endtime="20211214 21:28:03.384"></status>
</kw>
<kw name="Press Keys" library="SeleniumLibrary">
<doc>Simulates the user pressing key(s) to an element or on the active browser.</doc>
<arguments>
<arg>name=q</arg>
<arg>ENTER</arg>
</arguments>
<msg timestamp="20211214 21:28:03.385" level="INFO">Sending key(s) ('ENTER',) to name=q element.</msg>
<msg timestamp="20211214 21:28:03.741" level="INFO">Pressing special key ENTER to element.</msg>
<msg timestamp="20211214 21:28:03.741" level="INFO">Releasing special key ENTER.</msg>
<status status="PASS" starttime="20211214 21:28:03.385" endtime="20211214 21:28:06.077"></status>
</kw>
<status status="PASS" starttime="20211214 21:28:03.121" endtime="20211214 21:28:06.078"></status>
</kw>
<kw name="Cheque se a busca retornou resultados" library="resource">
<kw name="Title Should Be" library="SeleniumLibrary">
<doc>Verifies that the current page title equals ``title``.</doc>
<arguments>
<arg>robot framework - Pesquisa Google</arg>
</arguments>
<msg timestamp="20211214 21:28:06.091" level="INFO">Page title is 'robot framework - Pesquisa Google'.</msg>
<status status="PASS" starttime="20211214 21:28:06.080" endtime="20211214 21:28:06.091"></status>
</kw>
<status status="PASS" starttime="20211214 21:28:06.079" endtime="20211214 21:28:06.092"></status>
</kw>
<kw name="Acesse o terceiro resultado" library="resource">
<kw name="Click Element" library="SeleniumLibrary">
<doc>Click the element identified by ``locator``.</doc>
<arguments>
<arg>//*[@id="rso"]/div[3]</arg>
</arguments>
<msg timestamp="20211214 21:28:06.094" level="INFO">Clicking element '//*[@id="rso"]/div[3]'.</msg>
<status status="PASS" starttime="20211214 21:28:06.094" endtime="20211214 21:28:06.235"></status>
</kw>
<kw name="Click Element" library="SeleniumLibrary">
<doc>Click the element identified by ``locator``.</doc>
<arguments>
<arg>XPath=( //h3[@class="LC20lb MBeuO DKV0Md"])[3]</arg>
</arguments>
<msg timestamp="20211214 21:28:06.236" level="INFO">Clicking element 'XPath=( //h3[@class="LC20lb MBeuO DKV0Md"])[3]'.</msg>
<status status="PASS" starttime="20211214 21:28:06.235" endtime="20211214 21:28:13.923"></status>
</kw>
<status status="PASS" starttime="20211214 21:28:06.093" endtime="20211214 21:28:13.923"></status>
</kw>
<kw name="Verifique se é mostrada a página esperada" library="resource">
<kw name="Page Should Contain" library="SeleniumLibrary">
<doc>Verifies that current page contains ``text``.</doc>
<arguments>
<arg>Robot</arg>
</arguments>
<msg timestamp="20211214 21:28:13.987" level="INFO">Current page contains text 'Robot'.</msg>
<status status="PASS" starttime="20211214 21:28:13.925" endtime="20211214 21:28:13.987"></status>
</kw>
<status status="PASS" starttime="20211214 21:28:13.924" endtime="20211214 21:28:13.988"></status>
</kw>
<kw name="Feche o navegador" library="resource">
<kw name="Close Browser" library="SeleniumLibrary">
<doc>Closes the current browser.</doc>
<status status="PASS" starttime="20211214 21:28:13.989" endtime="20211214 21:28:16.521"></status>
</kw>
<status status="PASS" starttime="20211214 21:28:13.989" endtime="20211214 21:28:16.521"></status>
</kw>
<status status="PASS" starttime="20211214 21:27:58.117" endtime="20211214 21:28:16.524" critical="yes"></status>
</test>
<status status="PASS" starttime="20211214 21:27:58.096" endtime="20211214 21:28:16.530"></status>
</suite>
<status status="PASS" starttime="20211214 21:27:36.937" endtime="20211214 21:28:16.541"></status>
</suite>
<statistics>
<total>
<stat pass="2" fail="0">Critical Tests</stat>
<stat pass="2" fail="0">All Tests</stat>
</total>
<tag>
</tag>
<suite>
<stat pass="2" fail="0" id="s1" name="Desafio">Desafio</stat>
<stat pass="1" fail="0" id="s1-s1" name="Script BDD">Desafio.Script BDD</stat>
<stat pass="1" fail="0" id="s1-s2" name="Script Procedural">Desafio.Script Procedural</stat>
</suite>
</statistics>
<errors>
</errors>
</robot>
