<?xml version="1.0" encoding="UTF-8"?>
<robot generator="Robot 3.2.2 (Python 3.10.1 on win32)" generated="20211214 10:23:47.929" rpa="false">
<suite id="s1" name="Desafio" source="C:\Users\Mércia\Desktop\Repositorio\desafio">
<suite id="s1-s1" name="Projeto" source="C:\Users\Mércia\Desktop\Repositorio\desafio\projeto.robot">
<test id="s1-s1-t1" name="Caso de teste: Buscar por Robot Framework no Google e entrar no terceiro resultado">
<kw name="Abra o navegador" library="resource">
<kw name="Open Browser" library="SeleniumLibrary">
<doc>Opens a new browser instance to the optional ``url``.</doc>
<arguments>
<arg>about:blank</arg>
<arg>${BROWSER}</arg>
</arguments>
<msg timestamp="20211214 10:23:48.503" level="INFO">Opening browser 'chrome' to base url 'about:blank'.</msg>
<status status="PASS" starttime="20211214 10:23:48.502" endtime="20211214 10:23:51.870"></status>
</kw>
<status status="PASS" starttime="20211214 10:23:48.502" endtime="20211214 10:23:51.870"></status>
</kw>
<kw name="Acesse o google.com.br" library="resource">
<kw name="Go To" library="SeleniumLibrary">
<doc>Navigates the current browser window to the provided ``url``.</doc>
<arguments>
<arg>http://www.google.com.br</arg>
</arguments>
<msg timestamp="20211214 10:23:51.872" level="INFO">Opening url 'http://www.google.com.br'</msg>
<status status="PASS" starttime="20211214 10:23:51.872" endtime="20211214 10:23:54.310"></status>
</kw>
<status status="PASS" starttime="20211214 10:23:51.871" endtime="20211214 10:23:54.311"></status>
</kw>
<kw name="Realize uma busca pelas palavras-chave “robot framework”" library="resource">
<kw name="Input Text" library="SeleniumLibrary">
<doc>Types the given ``text`` into the text field identified by ``locator``.</doc>
<arguments>
<arg>name=q</arg>
<arg>${palavra buscada}</arg>
</arguments>
<msg timestamp="20211214 10:23:54.315" level="INFO">Typing text 'robot framework' into text field 'name=q'.</msg>
<status status="PASS" starttime="20211214 10:23:54.314" endtime="20211214 10:23:54.548"></status>
</kw>
<kw name="Press Keys" library="SeleniumLibrary">
<doc>Simulates the user pressing key(s) to an element or on the active browser.</doc>
<arguments>
<arg>name=q</arg>
<arg>ENTER</arg>
</arguments>
<msg timestamp="20211214 10:23:54.550" level="INFO">Sending key(s) ('ENTER',) to name=q element.</msg>
<msg timestamp="20211214 10:23:54.882" level="INFO">Pressing special key ENTER to element.</msg>
<msg timestamp="20211214 10:23:54.882" level="INFO">Releasing special key ENTER.</msg>
<status status="PASS" starttime="20211214 10:23:54.549" endtime="20211214 10:23:56.829"></status>
</kw>
<status status="PASS" starttime="20211214 10:23:54.313" endtime="20211214 10:23:56.829"></status>
</kw>
<kw name="Cheque se a busca retornou resultados" library="resource">
<kw name="Title Should Be" library="SeleniumLibrary">
<doc>Verifies that the current page title equals ``title``.</doc>
<arguments>
<arg>robot framework - Pesquisa Google</arg>
</arguments>
<msg timestamp="20211214 10:23:56.838" level="INFO">Page title is 'robot framework - Pesquisa Google'.</msg>
<status status="PASS" starttime="20211214 10:23:56.831" endtime="20211214 10:23:56.839"></status>
</kw>
<status status="PASS" starttime="20211214 10:23:56.830" endtime="20211214 10:23:56.839"></status>
</kw>
<kw name="Acesse o terceiro resultado" library="resource">
<kw name="Click Element" library="SeleniumLibrary">
<doc>Click the element identified by ``locator``.</doc>
<arguments>
<arg>//*[@id="rso"]/div[3]</arg>
</arguments>
<msg timestamp="20211214 10:23:56.841" level="INFO">Clicking element '//*[@id="rso"]/div[3]'.</msg>
<status status="PASS" starttime="20211214 10:23:56.841" endtime="20211214 10:23:56.987"></status>
</kw>
<kw name="Sleep" library="BuiltIn">
<doc>Pauses the test executed for the given time.</doc>
<arguments>
<arg>3</arg>
</arguments>
<msg timestamp="20211214 10:23:59.990" level="INFO">Slept 3 seconds</msg>
<status status="PASS" starttime="20211214 10:23:56.987" endtime="20211214 10:23:59.991"></status>
</kw>
<kw name="Click Element" library="SeleniumLibrary">
<doc>Click the element identified by ``locator``.</doc>
<arguments>
<arg>XPath=( //h3[@class="LC20lb MBeuO DKV0Md"])[3]</arg>
</arguments>
<msg timestamp="20211214 10:23:59.992" level="INFO">Clicking element 'XPath=( //h3[@class="LC20lb MBeuO DKV0Md"])[3]'.</msg>
<status status="PASS" starttime="20211214 10:23:59.991" endtime="20211214 10:24:09.290"></status>
</kw>
<status status="PASS" starttime="20211214 10:23:56.840" endtime="20211214 10:24:09.290"></status>
</kw>
<kw name="Verifique se é mostrada a página esperada" library="resource">
<kw name="Page Should Contain" library="SeleniumLibrary">
<doc>Verifies that current page contains ``text``.</doc>
<arguments>
<arg>Robot</arg>
</arguments>
<msg timestamp="20211214 10:24:09.341" level="INFO">Current page contains text 'Robot'.</msg>
<status status="PASS" starttime="20211214 10:24:09.293" endtime="20211214 10:24:09.341"></status>
</kw>
<kw name="Sleep" library="BuiltIn">
<doc>Pauses the test executed for the given time.</doc>
<arguments>
<arg>3</arg>
</arguments>
<msg timestamp="20211214 10:24:12.350" level="INFO">Slept 3 seconds</msg>
<status status="PASS" starttime="20211214 10:24:09.342" endtime="20211214 10:24:12.350"></status>
</kw>
<status status="PASS" starttime="20211214 10:24:09.292" endtime="20211214 10:24:12.351"></status>
</kw>
<kw name="Feche o navegador" library="resource">
<kw name="Close Browser" library="SeleniumLibrary">
<doc>Closes the current browser.</doc>
<status status="PASS" starttime="20211214 10:24:12.353" endtime="20211214 10:24:14.913"></status>
</kw>
<status status="PASS" starttime="20211214 10:24:12.352" endtime="20211214 10:24:14.914"></status>
</kw>
<status status="PASS" starttime="20211214 10:23:48.499" endtime="20211214 10:24:14.915" critical="yes"></status>
</test>
<status status="PASS" starttime="20211214 10:23:47.984" endtime="20211214 10:24:14.918"></status>
</suite>
<suite id="s1-s2" name="projetoBDD" source="C:\Users\Mércia\Desktop\Repositorio\desafio\projetoBDD.robot">
<test id="s1-s2-t1" name="Cenário: Buscar por Robot Framework no Google e entrar no terceiro resultado">
<kw name="Abra o navegador" library="resource" type="setup">
<kw name="Open Browser" library="SeleniumLibrary">
<doc>Opens a new browser instance to the optional ``url``.</doc>
<arguments>
<arg>about:blank</arg>
<arg>${BROWSER}</arg>
</arguments>
<msg timestamp="20211214 10:24:14.943" level="INFO">Opening browser 'chrome' to base url 'about:blank'.</msg>
<status status="PASS" starttime="20211214 10:24:14.942" endtime="20211214 10:24:17.968"></status>
</kw>
<status status="PASS" starttime="20211214 10:24:14.941" endtime="20211214 10:24:17.968"></status>
</kw>
<kw name="Dado que eu acesse o google.com.br">
<kw name="Acesse o google.com.br" library="resource">
<kw name="Go To" library="SeleniumLibrary">
<doc>Navigates the current browser window to the provided ``url``.</doc>
<arguments>
<arg>http://www.google.com.br</arg>
</arguments>
<msg timestamp="20211214 10:24:17.972" level="INFO">Opening url 'http://www.google.com.br'</msg>
<status status="PASS" starttime="20211214 10:24:17.972" endtime="20211214 10:24:19.728"></status>
</kw>
<status status="PASS" starttime="20211214 10:24:17.971" endtime="20211214 10:24:19.729"></status>
</kw>
<status status="PASS" starttime="20211214 10:24:17.970" endtime="20211214 10:24:19.729"></status>
</kw>
<kw name="Quando realize uma busca pelas palavras-chave “robot framework”">
<kw name="Realize uma busca pelas palavras-chave “${palavra buscada}”" library="resource">
<kw name="Input Text" library="SeleniumLibrary">
<doc>Types the given ``text`` into the text field identified by ``locator``.</doc>
<arguments>
<arg>name=q</arg>
<arg>${palavra buscada}</arg>
</arguments>
<msg timestamp="20211214 10:24:19.734" level="INFO">Typing text 'robot framework' into text field 'name=q'.</msg>
<status status="PASS" starttime="20211214 10:24:19.733" endtime="20211214 10:24:19.958"></status>
</kw>
<kw name="Press Keys" library="SeleniumLibrary">
<doc>Simulates the user pressing key(s) to an element or on the active browser.</doc>
<arguments>
<arg>name=q</arg>
<arg>ENTER</arg>
</arguments>
<msg timestamp="20211214 10:24:19.960" level="INFO">Sending key(s) ('ENTER',) to name=q element.</msg>
<msg timestamp="20211214 10:24:20.276" level="INFO">Pressing special key ENTER to element.</msg>
<msg timestamp="20211214 10:24:20.276" level="INFO">Releasing special key ENTER.</msg>
<status status="PASS" starttime="20211214 10:24:19.958" endtime="20211214 10:24:22.205"></status>
</kw>
<status status="PASS" starttime="20211214 10:24:19.731" endtime="20211214 10:24:22.206"></status>
</kw>
<kw name="Cheque se a busca retornou resultados" library="resource">
<kw name="Title Should Be" library="SeleniumLibrary">
<doc>Verifies that the current page title equals ``title``.</doc>
<arguments>
<arg>robot framework - Pesquisa Google</arg>
</arguments>
<msg timestamp="20211214 10:24:22.214" level="INFO">Page title is 'robot framework - Pesquisa Google'.</msg>
<status status="PASS" starttime="20211214 10:24:22.206" endtime="20211214 10:24:22.214"></status>
</kw>
<status status="PASS" starttime="20211214 10:24:22.206" endtime="20211214 10:24:22.214"></status>
</kw>
<status status="PASS" starttime="20211214 10:24:19.731" endtime="20211214 10:24:22.214"></status>
</kw>
<kw name="Então Acesse o terceiro resultado">
<kw name="Acesse o terceiro resultado" library="resource">
<kw name="Click Element" library="SeleniumLibrary">
<doc>Click the element identified by ``locator``.</doc>
<arguments>
<arg>//*[@id="rso"]/div[3]</arg>
</arguments>
<msg timestamp="20211214 10:24:22.218" level="INFO">Clicking element '//*[@id="rso"]/div[3]'.</msg>
<status status="PASS" starttime="20211214 10:24:22.217" endtime="20211214 10:24:22.372"></status>
</kw>
<kw name="Sleep" library="BuiltIn">
<doc>Pauses the test executed for the given time.</doc>
<arguments>
<arg>3</arg>
</arguments>
<msg timestamp="20211214 10:24:25.377" level="INFO">Slept 3 seconds</msg>
<status status="PASS" starttime="20211214 10:24:22.372" endtime="20211214 10:24:25.378"></status>
</kw>
<kw name="Click Element" library="SeleniumLibrary">
<doc>Click the element identified by ``locator``.</doc>
<arguments>
<arg>XPath=( //h3[@class="LC20lb MBeuO DKV0Md"])[3]</arg>
</arguments>
<msg timestamp="20211214 10:24:25.378" level="INFO">Clicking element 'XPath=( //h3[@class="LC20lb MBeuO DKV0Md"])[3]'.</msg>
<status status="PASS" starttime="20211214 10:24:25.378" endtime="20211214 10:24:33.018"></status>
</kw>
<status status="PASS" starttime="20211214 10:24:22.216" endtime="20211214 10:24:33.018"></status>
</kw>
<kw name="Verifique se é mostrada a página esperada" library="resource">
<kw name="Page Should Contain" library="SeleniumLibrary">
<doc>Verifies that current page contains ``text``.</doc>
<arguments>
<arg>Robot</arg>
</arguments>
<msg timestamp="20211214 10:24:33.046" level="INFO">Current page contains text 'Robot'.</msg>
<status status="PASS" starttime="20211214 10:24:33.019" endtime="20211214 10:24:33.047"></status>
</kw>
<kw name="Sleep" library="BuiltIn">
<doc>Pauses the test executed for the given time.</doc>
<arguments>
<arg>3</arg>
</arguments>
<msg timestamp="20211214 10:24:36.051" level="INFO">Slept 3 seconds</msg>
<status status="PASS" starttime="20211214 10:24:33.047" endtime="20211214 10:24:36.051"></status>
</kw>
<status status="PASS" starttime="20211214 10:24:33.018" endtime="20211214 10:24:36.051"></status>
</kw>
<status status="PASS" starttime="20211214 10:24:22.215" endtime="20211214 10:24:36.052"></status>
</kw>
<kw name="Feche o navegador" library="resource" type="teardown">
<kw name="Close Browser" library="SeleniumLibrary">
<doc>Closes the current browser.</doc>
<status status="PASS" starttime="20211214 10:24:36.054" endtime="20211214 10:24:38.650"></status>
</kw>
<status status="PASS" starttime="20211214 10:24:36.053" endtime="20211214 10:24:38.650"></status>
</kw>
<status status="PASS" starttime="20211214 10:24:14.939" endtime="20211214 10:24:38.651" critical="yes"></status>
</test>
<status status="PASS" starttime="20211214 10:24:14.922" endtime="20211214 10:24:38.653"></status>
</suite>
<status status="PASS" starttime="20211214 10:23:47.934" endtime="20211214 10:24:38.658"></status>
</suite>
<statistics>
<total>
<stat pass="2" fail="0">Critical Tests</stat>
<stat pass="2" fail="0">All Tests</stat>
</total>
<tag>
</tag>
<suite>
<stat pass="2" fail="0" id="s1" name="Desafio">Desafio</stat>
<stat pass="1" fail="0" id="s1-s1" name="Projeto">Desafio.Projeto</stat>
<stat pass="1" fail="0" id="s1-s2" name="projetoBDD">Desafio.projetoBDD</stat>
</suite>
</statistics>
<errors>
</errors>
</robot>
