<?xml version="1.0" encoding="UTF-8"?>
<robot generator="Robot 3.2.2 (Python 3.10.1 on win32)" generated="20211214 00:46:27.006" rpa="false">
<suite id="s1" name="projetoBDD" source="C:\Users\Mércia\Desktop\Repositorio\desafio\projetoBDD.robot">
<test id="s1-t1" name="Cenário: Buscar por Robot Framework no Google e entrar no terceiro resultado">
<kw name="Abra o navegador" library="resource" type="setup">
<kw name="Open Browser" library="SeleniumLibrary">
<doc>Opens a new browser instance to the optional ``url``.</doc>
<arguments>
<arg>about:blank</arg>
<arg>${BROWSER}</arg>
</arguments>
<msg timestamp="20211214 00:46:27.579" level="INFO">Opening browser 'chrome' to base url 'about:blank'.</msg>
<status status="PASS" starttime="20211214 00:46:27.579" endtime="20211214 00:46:30.991"></status>
</kw>
<status status="PASS" starttime="20211214 00:46:27.578" endtime="20211214 00:46:30.992"></status>
</kw>
<kw name="Dado que eu acesse o google.com.br">
<kw name="Acesse o google.com.br" library="resource">
<kw name="Go To" library="SeleniumLibrary">
<doc>Navigates the current browser window to the provided ``url``.</doc>
<arguments>
<arg>http://www.google.com.br</arg>
</arguments>
<msg timestamp="20211214 00:46:30.996" level="INFO">Opening url 'http://www.google.com.br'</msg>
<status status="PASS" starttime="20211214 00:46:30.996" endtime="20211214 00:46:32.759"></status>
</kw>
<status status="PASS" starttime="20211214 00:46:30.995" endtime="20211214 00:46:32.761"></status>
</kw>
<status status="PASS" starttime="20211214 00:46:30.993" endtime="20211214 00:46:32.761"></status>
</kw>
<kw name="Quando realize uma busca pelas palavras-chave “robot framework”">
<kw name="Realize uma busca pelas palavras-chave “${palavra buscada}”" library="resource">
<kw name="Input Text" library="SeleniumLibrary">
<doc>Types the given ``text`` into the text field identified by ``locator``.</doc>
<arguments>
<arg>name=q</arg>
<arg>${palavra buscada}</arg>
</arguments>
<msg timestamp="20211214 00:46:32.763" level="INFO">Typing text 'robot framework' into text field 'name=q'.</msg>
<status status="PASS" starttime="20211214 00:46:32.763" endtime="20211214 00:46:33.010"></status>
</kw>
<kw name="Press Keys" library="SeleniumLibrary">
<doc>Simulates the user pressing key(s) to an element or on the active browser.</doc>
<arguments>
<arg>name=q</arg>
<arg>ENTER</arg>
</arguments>
<msg timestamp="20211214 00:46:33.012" level="INFO">Sending key(s) ('ENTER',) to name=q element.</msg>
<msg timestamp="20211214 00:46:33.342" level="INFO">Pressing special key ENTER to element.</msg>
<msg timestamp="20211214 00:46:33.342" level="INFO">Releasing special key ENTER.</msg>
<status status="PASS" starttime="20211214 00:46:33.010" endtime="20211214 00:46:35.279"></status>
</kw>
<status status="PASS" starttime="20211214 00:46:32.762" endtime="20211214 00:46:35.279"></status>
</kw>
<kw name="Cheque se a busca retornou resultados" library="resource">
<kw name="Title Should Be" library="SeleniumLibrary">
<doc>Verifies that the current page title equals ``title``.</doc>
<arguments>
<arg>robot framework - Pesquisa Google</arg>
</arguments>
<msg timestamp="20211214 00:46:35.290" level="INFO">Page title is 'robot framework - Pesquisa Google'.</msg>
<status status="PASS" starttime="20211214 00:46:35.280" endtime="20211214 00:46:35.290"></status>
</kw>
<status status="PASS" starttime="20211214 00:46:35.279" endtime="20211214 00:46:35.290"></status>
</kw>
<status status="PASS" starttime="20211214 00:46:32.761" endtime="20211214 00:46:35.290"></status>
</kw>
<kw name="Então Acesse o terceiro resultado">
<kw name="Acesse o terceiro resultado" library="resource">
<kw name="Click Element" library="SeleniumLibrary">
<doc>Click the element identified by ``locator``.</doc>
<arguments>
<arg>//*[@id="rso"]/div[3]</arg>
</arguments>
<msg timestamp="20211214 00:46:35.293" level="INFO">Clicking element '//*[@id="rso"]/div[3]'.</msg>
<status status="PASS" starttime="20211214 00:46:35.293" endtime="20211214 00:46:35.452"></status>
</kw>
<kw name="Sleep" library="BuiltIn">
<doc>Pauses the test executed for the given time.</doc>
<arguments>
<arg>3</arg>
</arguments>
<msg timestamp="20211214 00:46:38.467" level="INFO">Slept 3 seconds</msg>
<status status="PASS" starttime="20211214 00:46:35.453" endtime="20211214 00:46:38.467"></status>
</kw>
<kw name="Click Element" library="SeleniumLibrary">
<doc>Click the element identified by ``locator``.</doc>
<arguments>
<arg>XPath=( //h3[@class="LC20lb MBeuO DKV0Md"])[3]</arg>
</arguments>
<msg timestamp="20211214 00:46:38.469" level="INFO">Clicking element 'XPath=( //h3[@class="LC20lb MBeuO DKV0Md"])[3]'.</msg>
<status status="PASS" starttime="20211214 00:46:38.468" endtime="20211214 00:46:45.689"></status>
</kw>
<status status="PASS" starttime="20211214 00:46:35.292" endtime="20211214 00:46:45.690"></status>
</kw>
<kw name="Verifique se é mostrada a página esperada" library="resource">
<kw name="Page Should Contain" library="SeleniumLibrary">
<doc>Verifies that current page contains ``text``.</doc>
<arguments>
<arg>Robot</arg>
</arguments>
<msg timestamp="20211214 00:46:45.738" level="INFO">Current page contains text 'Robot'.</msg>
<status status="PASS" starttime="20211214 00:46:45.691" endtime="20211214 00:46:45.739"></status>
</kw>
<kw name="Sleep" library="BuiltIn">
<doc>Pauses the test executed for the given time.</doc>
<arguments>
<arg>3</arg>
</arguments>
<msg timestamp="20211214 00:46:48.740" level="INFO">Slept 3 seconds</msg>
<status status="PASS" starttime="20211214 00:46:45.739" endtime="20211214 00:46:48.741"></status>
</kw>
<status status="PASS" starttime="20211214 00:46:45.690" endtime="20211214 00:46:48.741"></status>
</kw>
<status status="PASS" starttime="20211214 00:46:35.291" endtime="20211214 00:46:48.742"></status>
</kw>
<kw name="Feche o navegador" library="resource" type="teardown">
<kw name="Close Browser" library="SeleniumLibrary">
<doc>Closes the current browser.</doc>
<status status="PASS" starttime="20211214 00:46:48.747" endtime="20211214 00:46:51.502"></status>
</kw>
<status status="PASS" starttime="20211214 00:46:48.745" endtime="20211214 00:46:51.503"></status>
</kw>
<status status="PASS" starttime="20211214 00:46:27.576" endtime="20211214 00:46:51.506" critical="yes"></status>
</test>
<status status="PASS" starttime="20211214 00:46:27.011" endtime="20211214 00:46:51.513"></status>
</suite>
<statistics>
<total>
<stat pass="1" fail="0">Critical Tests</stat>
<stat pass="1" fail="0">All Tests</stat>
</total>
<tag>
</tag>
<suite>
<stat pass="1" fail="0" id="s1" name="projetoBDD">projetoBDD</stat>
</suite>
</statistics>
<errors>
</errors>
</robot>
