<?xml version="1.0" encoding="UTF-8"?>
<robot generator="Robot 3.2.2 (Python 3.10.1 on win32)" generated="20211214 20:38:31.972" rpa="false">
<suite id="s1" name="script BDD" source="C:\Users\Repositorio\desafio\script_BDD.robot">
<test id="s1-t1" name="Cenário: Buscar por Robot Framework no Google e entrar no terceiro resultado">
<kw name="Abra o navegador" library="resource" type="setup">
<kw name="Open Browser" library="SeleniumLibrary">
<doc>Opens a new browser instance to the optional ``url``.</doc>
<arguments>
<arg>about:blank</arg>
<arg>${BROWSER}</arg>
</arguments>
<msg timestamp="20211214 20:38:32.648" level="INFO">Opening browser 'Chrome' to base url 'about:blank'.</msg>
<status status="PASS" starttime="20211214 20:38:32.647" endtime="20211214 20:38:35.977"></status>
</kw>
<status status="PASS" starttime="20211214 20:38:32.646" endtime="20211214 20:38:35.978"></status>
</kw>
<kw name="Dado que eu acesse o google.com.br">
<kw name="Acesse o google.com.br" library="resource">
<kw name="Go To" library="SeleniumLibrary">
<doc>Navigates the current browser window to the provided ``url``.</doc>
<arguments>
<arg>http://www.google.com.br</arg>
</arguments>
<msg timestamp="20211214 20:38:35.982" level="INFO">Opening url 'http://www.google.com.br'</msg>
<status status="PASS" starttime="20211214 20:38:35.982" endtime="20211214 20:38:37.832"></status>
</kw>
<status status="PASS" starttime="20211214 20:38:35.981" endtime="20211214 20:38:37.832"></status>
</kw>
<status status="PASS" starttime="20211214 20:38:35.979" endtime="20211214 20:38:37.832"></status>
</kw>
<kw name="Quando realize uma busca pelas palavras-chave “robot framework”">
<kw name="Realize uma busca pelas palavras-chave “${palavra buscada}”" library="resource">
<kw name="Input Text" library="SeleniumLibrary">
<doc>Types the given ``text`` into the text field identified by ``locator``.</doc>
<arguments>
<arg>name=q</arg>
<arg>${palavra buscada}</arg>
</arguments>
<msg timestamp="20211214 20:38:37.836" level="INFO">Typing text 'robot framework' into text field 'name=q'.</msg>
<status status="PASS" starttime="20211214 20:38:37.835" endtime="20211214 20:38:38.060"></status>
</kw>
<kw name="Press Keys" library="SeleniumLibrary">
<doc>Simulates the user pressing key(s) to an element or on the active browser.</doc>
<arguments>
<arg>name=q</arg>
<arg>ENTER</arg>
</arguments>
<msg timestamp="20211214 20:38:38.062" level="INFO">Sending key(s) ('ENTER',) to name=q element.</msg>
<msg timestamp="20211214 20:38:38.383" level="INFO">Pressing special key ENTER to element.</msg>
<msg timestamp="20211214 20:38:38.383" level="INFO">Releasing special key ENTER.</msg>
<status status="PASS" starttime="20211214 20:38:38.061" endtime="20211214 20:38:40.794"></status>
</kw>
<status status="PASS" starttime="20211214 20:38:37.834" endtime="20211214 20:38:40.795"></status>
</kw>
<kw name="Cheque se a busca retornou resultados" library="resource">
<kw name="Title Should Be" library="SeleniumLibrary">
<doc>Verifies that the current page title equals ``title``.</doc>
<arguments>
<arg>robot framework - Pesquisa Google</arg>
</arguments>
<msg timestamp="20211214 20:38:40.806" level="INFO">Page title is 'robot framework - Pesquisa Google'.</msg>
<status status="PASS" starttime="20211214 20:38:40.796" endtime="20211214 20:38:40.806"></status>
</kw>
<status status="PASS" starttime="20211214 20:38:40.795" endtime="20211214 20:38:40.807"></status>
</kw>
<status status="PASS" starttime="20211214 20:38:37.833" endtime="20211214 20:38:40.808"></status>
</kw>
<kw name="Então Acesse o terceiro resultado">
<kw name="Acesse o terceiro resultado" library="resource">
<kw name="Click Element" library="SeleniumLibrary">
<doc>Click the element identified by ``locator``.</doc>
<arguments>
<arg>//*[@id="rso"]/div[3]</arg>
</arguments>
<msg timestamp="20211214 20:38:40.812" level="INFO">Clicking element '//*[@id="rso"]/div[3]'.</msg>
<status status="PASS" starttime="20211214 20:38:40.811" endtime="20211214 20:38:40.981"></status>
</kw>
<kw name="Click Element" library="SeleniumLibrary">
<doc>Click the element identified by ``locator``.</doc>
<arguments>
<arg>XPath=( //h3[@class="LC20lb MBeuO DKV0Md"])[3]</arg>
</arguments>
<msg timestamp="20211214 20:38:40.981" level="INFO">Clicking element 'XPath=( //h3[@class="LC20lb MBeuO DKV0Md"])[3]'.</msg>
<status status="PASS" starttime="20211214 20:38:40.981" endtime="20211214 20:38:48.812"></status>
</kw>
<status status="PASS" starttime="20211214 20:38:40.810" endtime="20211214 20:38:48.812"></status>
</kw>
<kw name="Verifique se é mostrada a página esperada" library="resource">
<kw name="Page Should Contain" library="SeleniumLibrary">
<doc>Verifies that current page contains ``text``.</doc>
<arguments>
<arg>Robot</arg>
</arguments>
<msg timestamp="20211214 20:38:48.848" level="INFO">Current page contains text 'Robot'.</msg>
<status status="PASS" starttime="20211214 20:38:48.813" endtime="20211214 20:38:48.848"></status>
</kw>
<status status="PASS" starttime="20211214 20:38:48.813" endtime="20211214 20:38:48.848"></status>
</kw>
<status status="PASS" starttime="20211214 20:38:40.809" endtime="20211214 20:38:48.849"></status>
</kw>
<kw name="Feche o navegador" library="resource" type="teardown">
<kw name="Close Browser" library="SeleniumLibrary">
<doc>Closes the current browser.</doc>
<status status="PASS" starttime="20211214 20:38:48.851" endtime="20211214 20:38:51.417"></status>
</kw>
<status status="PASS" starttime="20211214 20:38:48.850" endtime="20211214 20:38:51.417"></status>
</kw>
<status status="PASS" starttime="20211214 20:38:32.645" endtime="20211214 20:38:51.419" critical="yes"></status>
</test>
<status status="PASS" starttime="20211214 20:38:31.976" endtime="20211214 20:38:51.422"></status>
</suite>
<statistics>
<total>
<stat pass="1" fail="0">Critical Tests</stat>
<stat pass="1" fail="0">All Tests</stat>
</total>
<tag>
</tag>
<suite>
<stat pass="1" fail="0" id="s1" name="script BDD">script BDD</stat>
</suite>
</statistics>
<errors>
</errors>
</robot>
